<?xml version="1.0" encoding="UTF-8"?>
<!-- Generated by org.testng.reporters.JUnitReportReporter -->
<testsuite name="qaclickacademy.seleniumiTest" tests="2" time="0.032" ignored="0" failures="0" timestamp="26 Sep 2019 16:05:25 GMT" skipped="0" hostname="Parth-PC" errors="0">
  <testcase name="rundemo" time="0.016" classname="qaclickacademy.seleniumiTest"/>
  <testcase name="defaultt" time="0.016" classname="qaclickacademy.seleniumiTest"/>
</testsuite> <!-- qaclickacademy.seleniumiTest -->
