<?xml version="1.0" encoding="UTF-8"?>
<!-- Generated by org.testng.reporters.JUnitReportReporter -->
<testsuite skipped="0" hostname="Parth-PC" name="qaclickacademy.seleniumiTest" tests="2" failures="0" timestamp="20 Sep 2019 12:31:26 GMT" time="0.016" errors="0">
  <testcase name="rundemo" time="0.000" classname="qaclickacademy.seleniumiTest"/>
  <testcase name="defaultt" time="0.016" classname="qaclickacademy.seleniumiTest"/>
</testsuite> <!-- qaclickacademy.seleniumiTest -->
