<?xml version="1.0" encoding="UTF-8"?>
<!-- Generated by org.testng.reporters.JUnitReportReporter -->
<testsuite skipped="0" hostname="Parth-PC" name="qaclickacademy.Testaapits" tests="1" failures="0" timestamp="20 Sep 2019 11:46:48 GMT" time="0.016" errors="0">
  <testcase name="apptest" time="0.016" classname="qaclickacademy.Testaapits"/>
</testsuite> <!-- qaclickacademy.Testaapits -->
